<?xml version="1.0" encoding="UTF-8"?>
<!-- Generated by org.testng.reporters.JUnitReportReporter -->
<testsuite hostname="DESKTOP-GFMQBVM" failures="0" tests="2" name="testrunner.TestRunner" time="0.015" errors="0" timestamp="2022-07-29T10:29:02 IST" skipped="0">
  <testcase classname="testrunner.TestRunner" name="checkForeignPlayers" time="0.012"/>
  <system-out/>
  <testcase classname="testrunner.TestRunner" name="checkWicketKeeper" time="0.003"/>
  <system-out/>
</testsuite> <!-- testrunner.TestRunner -->
